<?xml version="1.0" encoding="UTF-8"?>
<!-- Generated by org.testng.reporters.JUnitReportReporter -->
<testsuite hostname="Techie" failures="0" tests="1" name="TestCaseValidation.Validation" time="9.574" errors="0" timestamp="2025-08-06T21:18:54 IST" skipped="0">
  <testcase classname="TestCaseValidation.Validation" name="googglepageValidation" time="9.574"/>
</testsuite> <!-- TestCaseValidation.Validation -->
